[INFO  - 2016-08-17T08:03:24.805Z] GhostDriver - Main - running on port 39724
[INFO  - 2016-08-17T08:03:25.756Z] Session [13226a90-6451-11e6-aab9-b39d4f1530fb] - page.settings - {"XSSAuditingEnabled":false,"javascriptCanCloseWindows":true,"javascriptCanOpenWindows":true,"javascriptEnabled":true,"loadImages":false,"localToRemoteUrlAccessEnabled":false,"userAgent":"Mozilla/5.0 (Windows NT 6.1; WOW64) AppleWebKit/537.36 (KHTML, like Gecko) Chrome/39.0.2171.95 Safari/537.36","webSecurityEnabled":true}
[INFO  - 2016-08-17T08:03:25.756Z] Session [13226a90-6451-11e6-aab9-b39d4f1530fb] - page.customHeaders:  - {}
[INFO  - 2016-08-17T08:03:25.757Z] Session [13226a90-6451-11e6-aab9-b39d4f1530fb] - Session.negotiatedCapabilities - {"browserName":"phantomjs","version":"2.1.1","driverName":"ghostdriver","driverVersion":"1.2.0","platform":"linux-unknown-64bit","javascriptEnabled":true,"takesScreenshot":false,"handlesAlerts":false,"databaseEnabled":false,"locationContextEnabled":false,"applicationCacheEnabled":false,"browserConnectionEnabled":false,"cssSelectorsEnabled":true,"webStorageEnabled":false,"rotatable":false,"acceptSslCerts":false,"nativeEvents":true,"proxy":{"proxyType":"direct"},"phantomjs.page.settings.userAgent":"Mozilla/5.0 (Windows NT 6.1; WOW64) AppleWebKit/537.36 (KHTML, like Gecko) Chrome/39.0.2171.95 Safari/537.36"}
[INFO  - 2016-08-17T08:03:25.757Z] SessionManagerReqHand - _postNewSessionCommand - New Session Created: 13226a90-6451-11e6-aab9-b39d4f1530fb
[ERROR - 2016-08-17T08:03:31.373Z] Session [13226a90-6451-11e6-aab9-b39d4f1530fb] - page.onError - msg: TypeError: undefined is not an object (evaluating 'pageConfig.commentABTest.isHitVersion')

  phantomjs://platform/console++.js:263 in error
[ERROR - 2016-08-17T08:03:31.373Z] Session [13226a90-6451-11e6-aab9-b39d4f1530fb] - page.onError - stack:
  n (http://static.360buyimg.com/item/default/1.0.14/components/common/??tools/event.js,tools/tools.js,core.js:6)
  h (http://static.360buyimg.com/item/default/1.0.14/components/??common/common.js,address/address.js,prom/prom.js,colorsize/colorsize.js,buytype/buytype.js,baitiao/baitiao.js,buybtn/buybtn.js,track/track.js,suits/suits.js,crumb/crumb.js,fittings/fittings.js,detail/detail.js,contact/contact.js,popbox/popbox.js,preview/preview.js,info/info.js,imcenter/imcenter.js,jdservice/jdservice.js,commitments/commitments.js,lazyinit/lazyinit.js:9)
  o (http://static.360buyimg.com/item/default/1.0.14/components/??common/common.js,address/address.js,prom/prom.js,colorsize/colorsize.js,buytype/buytype.js,baitiao/baitiao.js,buybtn/buybtn.js,track/track.js,suits/suits.js,crumb/crumb.js,fittings/fittings.js,detail/detail.js,contact/contact.js,popbox/popbox.js,preview/preview.js,info/info.js,imcenter/imcenter.js,jdservice/jdservice.js,commitments/commitments.js,lazyinit/lazyinit.js:9)
  (anonymous function) (http://static.360buyimg.com/item/default/1.0.14/components/main/main.js:3)
  callback (http://misc.360buyimg.com/??jdf/lib/jquery-1.6.4.js,jdf/1.0.0/unit/base/1.0.0/base.js,jdf/1.0.0/ui/ui/1.0.0/ui.js:6)
  onload (http://misc.360buyimg.com/??jdf/lib/jquery-1.6.4.js,jdf/1.0.0/unit/base/1.0.0/base.js,jdf/1.0.0/ui/ui/1.0.0/ui.js:6)
  onload (http://misc.360buyimg.com/??jdf/lib/jquery-1.6.4.js,jdf/1.0.0/unit/base/1.0.0/base.js,jdf/1.0.0/ui/ui/1.0.0/ui.js:6)
  onload (http://misc.360buyimg.com/??jdf/lib/jquery-1.6.4.js,jdf/1.0.0/unit/base/1.0.0/base.js,jdf/1.0.0/ui/ui/1.0.0/ui.js:6)
  onload (http://misc.360buyimg.com/??jdf/lib/jquery-1.6.4.js,jdf/1.0.0/unit/base/1.0.0/base.js,jdf/1.0.0/ui/ui/1.0.0/ui.js:6)
  onload (http://misc.360buyimg.com/??jdf/lib/jquery-1.6.4.js,jdf/1.0.0/unit/base/1.0.0/base.js,jdf/1.0.0/ui/ui/1.0.0/ui.js:6)
  onload (http://misc.360buyimg.com/??jdf/lib/jquery-1.6.4.js,jdf/1.0.0/unit/base/1.0.0/base.js,jdf/1.0.0/ui/ui/1.0.0/ui.js:6)
  load (http://misc.360buyimg.com/??jdf/lib/jquery-1.6.4.js,jdf/1.0.0/unit/base/1.0.0/base.js,jdf/1.0.0/ui/ui/1.0.0/ui.js:6)
  d (http://misc.360buyimg.com/??jdf/lib/jquery-1.6.4.js,jdf/1.0.0/unit/base/1.0.0/base.js,jdf/1.0.0/ui/ui/1.0.0/ui.js:6)
  f (http://misc.360buyimg.com/??jdf/lib/jquery-1.6.4.js,jdf/1.0.0/unit/base/1.0.0/base.js,jdf/1.0.0/ui/ui/1.0.0/ui.js:6)

  phantomjs://platform/console++.js:263 in error
